<?xml version="1.0" encoding="UTF-8"?>
<!-- Generated by org.testng.reporters.JUnitReportReporter -->
<testsuite ignored="0" hostname="HYDNBK136575" failures="0" tests="1" name="gitHub.gitSamplePractice.mainPrgm" time="0.020" errors="0" timestamp="11 Feb 2018 07:56:22 GMT" skipped="0">
  <testcase classname="gitHub.gitSamplePractice.mainPrgm" name="sample1" time="0.020"/>
</testsuite> <!-- gitHub.gitSamplePractice.mainPrgm -->
